<?xml version="1.0" encoding="UTF-8"?>
<!-- Generated by org.testng.reporters.JUnitReportReporter -->
<testsuite hostname="LAPTOP-SJO5D4J0" failures="0" tests="1" name="testcases.privacy" time="9.765" errors="0" timestamp="2022-05-17T19:49:00 IST" skipped="0">
  <testcase classname="testcases.privacy" name="policy" time="9.765"/>
  <system-out/>
</testsuite> <!-- testcases.privacy -->
