<?xml version="1.0" encoding="UTF-8"?>
<!-- Generated by org.testng.reporters.JUnitReportReporter -->
<testsuite hostname="LAPTOP-SJO5D4J0" failures="0" tests="2" name="testcases.home" time="12.149" errors="0" timestamp="2022-05-17T20:38:58 IST" skipped="0">
  <testcase classname="testcases.home" name="scroll" time="5.775"/>
  <system-out/>
  <testcase classname="testcases.home" name="page" time="6.374"/>
  <system-out/>
</testsuite> <!-- testcases.home -->
