<?xml version="1.0" encoding="UTF-8"?>
<!-- Generated by org.testng.reporters.JUnitReportReporter -->
<testsuite hostname="LAPTOP-SJO5D4J0" failures="0" tests="1" name="testcases.Study" time="2.527" errors="0" timestamp="2022-05-17T21:02:19 IST" skipped="0">
  <testcase classname="testcases.Study" name="study1" time="2.527"/>
  <system-out/>
</testsuite> <!-- testcases.Study -->
