<?xml version="1.0" encoding="UTF-8"?>
<!-- Generated by org.testng.reporters.JUnitReportReporter -->
<testsuite hostname="LAPTOP-SJO5D4J0" failures="0" tests="1" name="testcases.credentials" time="8.745" errors="0" timestamp="2022-05-17T16:40:28 IST" skipped="0">
  <testcase classname="testcases.credentials" name="getexcel" time="8.745"/>
  <system-out/>
</testsuite> <!-- testcases.credentials -->
