<?xml version="1.0" encoding="UTF-8"?>
<!-- Generated by org.testng.reporters.JUnitReportReporter -->
<testsuite hostname="LAPTOP-SJO5D4J0" failures="0" tests="1" name="testcases.signin" time="21.170" errors="0" timestamp="2022-05-17T16:40:28 IST" skipped="0">
  <testcase classname="testcases.signin" name="sign" time="21.170"/>
  <system-out/>
</testsuite> <!-- testcases.signin -->
