<?xml version="1.0" encoding="UTF-8"?>
<!-- Generated by org.testng.reporters.JUnitReportReporter -->
<testsuite hostname="LAPTOP-SJO5D4J0" failures="0" tests="1" name="testcases.login" time="6.654" errors="0" timestamp="2022-05-17T20:41:24 IST" skipped="0">
  <testcase classname="testcases.login" name="login1" time="6.654"/>
  <system-out/>
</testsuite> <!-- testcases.login -->
