<?xml version="1.0" encoding="UTF-8"?>
<!-- Generated by org.testng.reporters.JUnitReportReporter -->
<testsuite hostname="LAPTOP-SJO5D4J0" failures="0" tests="3" name="testcases.titlepage" time="15.547" errors="0" timestamp="2022-05-17T16:40:28 IST" skipped="0">
  <testcase classname="testcases.titlepage" name="gift" time="4.988"/>
  <system-out/>
  <testcase classname="testcases.titlepage" name="urbanStore" time="10.003"/>
  <system-out/>
  <testcase classname="testcases.titlepage" name="title" time="0.556"/>
  <system-out/>
</testsuite> <!-- testcases.titlepage -->
